CRITICAL - 2026-05-09 23:30:51 --> ErrorException: include(component/footer): Failed to open stream: No such file or directory
[Method: GET, Route: /]
in APPPATH/Views/welcome_message.php on line 1260.
 1 APPPATH/Views/welcome_message.php(1260): CodeIgniter\Debug\Exceptions->errorHandler()
 2 APPPATH/Views/welcome_message.php(1260): include()
 3 SYSTEMPATH/View/View.php(240): include('/home/karlrav/Bureau/s4/TP_S4/app/Views/welcome_message.php')
 4 SYSTEMPATH/View/View.php(243): CodeIgniter\View\View->CodeIgniter\View\{closure}()
 5 SYSTEMPATH/Common.php(1250): CodeIgniter\View\View->render()
 6 APPPATH/Controllers/Home.php(9): view()
 7 SYSTEMPATH/CodeIgniter.php(951): App\Controllers\Home->index()
 8 SYSTEMPATH/CodeIgniter.php(497): CodeIgniter\CodeIgniter->runController()
 9 SYSTEMPATH/CodeIgniter.php(340): CodeIgniter\CodeIgniter->handleRequest()
10 SYSTEMPATH/Boot.php(417): CodeIgniter\CodeIgniter->run()
11 SYSTEMPATH/Boot.php(68): CodeIgniter\Boot::runCodeIgniter()
12 FCPATH/index.php(59): CodeIgniter\Boot::bootWeb()
CRITICAL - 2026-05-09 23:31:58 --> ErrorException: include(component/footer): Failed to open stream: No such file or directory
[Method: GET, Route: /]
in APPPATH/Views/welcome_message.php on line 1260.
 1 APPPATH/Views/welcome_message.php(1260): CodeIgniter\Debug\Exceptions->errorHandler()
 2 APPPATH/Views/welcome_message.php(1260): include()
 3 SYSTEMPATH/View/View.php(240): include('/home/karlrav/Bureau/s4/TP_S4/app/Views/welcome_message.php')
 4 SYSTEMPATH/View/View.php(243): CodeIgniter\View\View->CodeIgniter\View\{closure}()
 5 SYSTEMPATH/Common.php(1250): CodeIgniter\View\View->render()
 6 APPPATH/Controllers/Home.php(9): view()
 7 SYSTEMPATH/CodeIgniter.php(951): App\Controllers\Home->index()
 8 SYSTEMPATH/CodeIgniter.php(497): CodeIgniter\CodeIgniter->runController()
 9 SYSTEMPATH/CodeIgniter.php(340): CodeIgniter\CodeIgniter->handleRequest()
10 SYSTEMPATH/Boot.php(417): CodeIgniter\CodeIgniter->run()
11 SYSTEMPATH/Boot.php(68): CodeIgniter\Boot::runCodeIgniter()
12 FCPATH/index.php(59): CodeIgniter\Boot::bootWeb()
CRITICAL - 2026-05-09 23:32:11 --> ErrorException: include(component/footer): Failed to open stream: No such file or directory
[Method: GET, Route: /]
in APPPATH/Views/welcome_message.php on line 1260.
 1 APPPATH/Views/welcome_message.php(1260): CodeIgniter\Debug\Exceptions->errorHandler()
 2 APPPATH/Views/welcome_message.php(1260): include()
 3 SYSTEMPATH/View/View.php(240): include('/home/karlrav/Bureau/s4/TP_S4/app/Views/welcome_message.php')
 4 SYSTEMPATH/View/View.php(243): CodeIgniter\View\View->CodeIgniter\View\{closure}()
 5 SYSTEMPATH/Common.php(1250): CodeIgniter\View\View->render()
 6 APPPATH/Controllers/Home.php(9): view()
 7 SYSTEMPATH/CodeIgniter.php(951): App\Controllers\Home->index()
 8 SYSTEMPATH/CodeIgniter.php(497): CodeIgniter\CodeIgniter->runController()
 9 SYSTEMPATH/CodeIgniter.php(340): CodeIgniter\CodeIgniter->handleRequest()
10 SYSTEMPATH/Boot.php(417): CodeIgniter\CodeIgniter->run()
11 SYSTEMPATH/Boot.php(68): CodeIgniter\Boot::runCodeIgniter()
12 FCPATH/index.php(59): CodeIgniter\Boot::bootWeb()
CRITICAL - 2026-05-09 23:32:23 --> ErrorException: include(component/footer): Failed to open stream: No such file or directory
[Method: GET, Route: /]
in APPPATH/Views/welcome_message.php on line 1260.
 1 APPPATH/Views/welcome_message.php(1260): CodeIgniter\Debug\Exceptions->errorHandler()
 2 APPPATH/Views/welcome_message.php(1260): include()
 3 SYSTEMPATH/View/View.php(240): include('/home/karlrav/Bureau/s4/TP_S4/app/Views/welcome_message.php')
 4 SYSTEMPATH/View/View.php(243): CodeIgniter\View\View->CodeIgniter\View\{closure}()
 5 SYSTEMPATH/Common.php(1250): CodeIgniter\View\View->render()
 6 APPPATH/Controllers/Home.php(9): view()
 7 SYSTEMPATH/CodeIgniter.php(951): App\Controllers\Home->index()
 8 SYSTEMPATH/CodeIgniter.php(497): CodeIgniter\CodeIgniter->runController()
 9 SYSTEMPATH/CodeIgniter.php(340): CodeIgniter\CodeIgniter->handleRequest()
10 SYSTEMPATH/Boot.php(417): CodeIgniter\CodeIgniter->run()
11 SYSTEMPATH/Boot.php(68): CodeIgniter\Boot::runCodeIgniter()
12 FCPATH/index.php(59): CodeIgniter\Boot::bootWeb()
